149967 [http-nio-8080-exec-1] INFO  c.c.controller.HospitalController - In HospitalController - getAllHospitals method
149967 [http-nio-8080-exec-1] INFO  c.c.controller.HospitalController - In HospitalController - getAllHospitals method
149983 [http-nio-8080-exec-1] INFO  c.c.s.impl.HospitalServiceImpl - In HospitalServiceImpl - getAllHospitals method
149983 [http-nio-8080-exec-1] INFO  c.c.s.impl.HospitalServiceImpl - In HospitalServiceImpl - getAllHospitals method
153737 [http-nio-8080-exec-6] INFO  c.c.controller.HospitalController - In HospitalController - getAllHospitals method
153737 [http-nio-8080-exec-6] INFO  c.c.controller.HospitalController - In HospitalController - getAllHospitals method
153738 [http-nio-8080-exec-6] INFO  c.c.s.impl.HospitalServiceImpl - In HospitalServiceImpl - getAllHospitals method
153738 [http-nio-8080-exec-6] INFO  c.c.s.impl.HospitalServiceImpl - In HospitalServiceImpl - getAllHospitals method
158101 [http-nio-8080-exec-3] INFO  c.c.controller.HospitalController - In HospitalController - getAllHospitals method
158101 [http-nio-8080-exec-3] INFO  c.c.controller.HospitalController - In HospitalController - getAllHospitals method
158107 [http-nio-8080-exec-3] INFO  c.c.s.impl.HospitalServiceImpl - In HospitalServiceImpl - getAllHospitals method
158107 [http-nio-8080-exec-3] INFO  c.c.s.impl.HospitalServiceImpl - In HospitalServiceImpl - getAllHospitals method
160739 [http-nio-8080-exec-2] INFO  c.c.controller.HospitalController - In HospitalController - getAllHospitals method
160739 [http-nio-8080-exec-2] INFO  c.c.controller.HospitalController - In HospitalController - getAllHospitals method
160741 [http-nio-8080-exec-2] INFO  c.c.s.impl.HospitalServiceImpl - In HospitalServiceImpl - getAllHospitals method
160741 [http-nio-8080-exec-2] INFO  c.c.s.impl.HospitalServiceImpl - In HospitalServiceImpl - getAllHospitals method
163683 [http-nio-8080-exec-9] INFO  c.c.controller.HospitalController - In HospitalController - getAllHospitals method
163683 [http-nio-8080-exec-9] INFO  c.c.controller.HospitalController - In HospitalController - getAllHospitals method
163684 [http-nio-8080-exec-9] INFO  c.c.s.impl.HospitalServiceImpl - In HospitalServiceImpl - getAllHospitals method
163684 [http-nio-8080-exec-9] INFO  c.c.s.impl.HospitalServiceImpl - In HospitalServiceImpl - getAllHospitals method
164475 [http-nio-8080-exec-8] INFO  c.c.controller.HospitalController - In HospitalController - getAllHospitals method
164475 [http-nio-8080-exec-8] INFO  c.c.controller.HospitalController - In HospitalController - getAllHospitals method
164475 [http-nio-8080-exec-8] INFO  c.c.s.impl.HospitalServiceImpl - In HospitalServiceImpl - getAllHospitals method
164475 [http-nio-8080-exec-8] INFO  c.c.s.impl.HospitalServiceImpl - In HospitalServiceImpl - getAllHospitals method
165577 [http-nio-8080-exec-4] INFO  c.c.controller.HospitalController - In HospitalController - getAllHospitals method
165577 [http-nio-8080-exec-4] INFO  c.c.controller.HospitalController - In HospitalController - getAllHospitals method
165578 [http-nio-8080-exec-4] INFO  c.c.s.impl.HospitalServiceImpl - In HospitalServiceImpl - getAllHospitals method
165578 [http-nio-8080-exec-4] INFO  c.c.s.impl.HospitalServiceImpl - In HospitalServiceImpl - getAllHospitals method
174187 [http-nio-8080-exec-10] INFO  c.c.controller.HospitalController - In HospitalController - getAllHospitals method
174187 [http-nio-8080-exec-10] INFO  c.c.controller.HospitalController - In HospitalController - getAllHospitals method
174191 [http-nio-8080-exec-10] INFO  c.c.s.impl.HospitalServiceImpl - In HospitalServiceImpl - getAllHospitals method
174191 [http-nio-8080-exec-10] INFO  c.c.s.impl.HospitalServiceImpl - In HospitalServiceImpl - getAllHospitals method
179303 [http-nio-8080-exec-9] INFO  c.c.controller.HospitalController - In HospitalController - addHosp method
179303 [http-nio-8080-exec-9] INFO  c.c.controller.HospitalController - In HospitalController - addHosp method
179304 [http-nio-8080-exec-9] INFO  c.c.s.impl.HospitalServiceImpl - In HospitalServiceImpl - addHospital method
179304 [http-nio-8080-exec-9] INFO  c.c.s.impl.HospitalServiceImpl - In HospitalServiceImpl - addHospital method
180425 [http-nio-8080-exec-8] INFO  c.c.controller.HospitalController - In HospitalController - getAllHospitals method
180425 [http-nio-8080-exec-8] INFO  c.c.controller.HospitalController - In HospitalController - getAllHospitals method
180427 [http-nio-8080-exec-8] INFO  c.c.s.impl.HospitalServiceImpl - In HospitalServiceImpl - getAllHospitals method
180427 [http-nio-8080-exec-8] INFO  c.c.s.impl.HospitalServiceImpl - In HospitalServiceImpl - getAllHospitals method
191903 [http-nio-8080-exec-6] INFO  c.c.controller.HospitalController - In HospitalController - updateHospital method
191903 [http-nio-8080-exec-6] INFO  c.c.controller.HospitalController - In HospitalController - updateHospital method
191906 [http-nio-8080-exec-6] INFO  c.c.s.impl.HospitalServiceImpl - In HospitalServiceImpl - findHospById method
191906 [http-nio-8080-exec-6] INFO  c.c.s.impl.HospitalServiceImpl - In HospitalServiceImpl - findHospById method
192691 [http-nio-8080-exec-6] INFO  c.c.s.impl.HospitalServiceImpl - In HospitalServiceImpl - updateHospital method
192691 [http-nio-8080-exec-6] INFO  c.c.s.impl.HospitalServiceImpl - In HospitalServiceImpl - updateHospital method
192691 [http-nio-8080-exec-6] INFO  c.c.s.impl.HospitalServiceImpl - In HospitalServiceImpl - addHospital method
192691 [http-nio-8080-exec-6] INFO  c.c.s.impl.HospitalServiceImpl - In HospitalServiceImpl - addHospital method
