30776 [main] INFO  o.s.o.j.LocalContainerEntityManagerFactoryBean - Building JPA container EntityManagerFactory for persistence unit 'default'
30801 [main] INFO  o.h.jpa.internal.util.LogHelper - HHH000204: Processing PersistenceUnitInfo [
	name: default
	...]
30891 [main] INFO  org.hibernate.Version - HHH000412: Hibernate Core {5.0.12.Final}
30893 [main] INFO  org.hibernate.cfg.Environment - HHH000206: hibernate.properties not found
30895 [main] INFO  org.hibernate.cfg.Environment - HHH000021: Bytecode provider name : javassist
30945 [main] INFO  o.h.annotations.common.Version - HCANN000001: Hibernate Commons Annotations {5.0.1.Final}
31111 [main] INFO  org.hibernate.dialect.Dialect - HHH000400: Using dialect: org.hibernate.dialect.Oracle10gDialect
33460 [main] WARN  org.hibernate.orm.deprecation - HHH90000014: Found use of deprecated [org.hibernate.id.SequenceHiLoGenerator] sequence-based id generator; use org.hibernate.id.enhanced.SequenceStyleGenerator instead.  See Hibernate Domain Model Mapping Guide for details.
34122 [main] INFO  o.s.o.j.LocalContainerEntityManagerFactoryBean - Initialized JPA EntityManagerFactory for persistence unit 'default'
34140 [main] INFO  com.crud.AuthenticationEntryPoint - In AuthenticationEntryPoint - afterPropertiesSet method
34140 [main] INFO  com.crud.AuthenticationEntryPoint - In AuthenticationEntryPoint - afterPropertiesSet method
34657 [main] INFO  com.crud.SpringSecurityConfig - In SpringSecurityConfig - configureGlobal method
34657 [main] INFO  com.crud.SpringSecurityConfig - In SpringSecurityConfig - configureGlobal method
35092 [main] INFO  com.crud.SpringSecurityConfig - In SpringSecurityConfig - configure method
35092 [main] INFO  com.crud.SpringSecurityConfig - In SpringSecurityConfig - configure method
35121 [main] INFO  com.crud.AuthenticationEntryPoint - In AuthenticationEntryPoint - afterPropertiesSet method
35121 [main] INFO  com.crud.AuthenticationEntryPoint - In AuthenticationEntryPoint - afterPropertiesSet method
35220 [main] INFO  o.s.s.w.DefaultSecurityFilterChain - Creating filter chain: org.springframework.security.web.util.matcher.AnyRequestMatcher@1, [org.springframework.security.web.context.request.async.WebAsyncManagerIntegrationFilter@10466c55, org.springframework.security.web.context.SecurityContextPersistenceFilter@46c475ba, org.springframework.security.web.header.HeaderWriterFilter@662e5590, org.springframework.security.web.authentication.logout.LogoutFilter@5c552f08, org.springframework.security.web.authentication.www.BasicAuthenticationFilter@24749ad3, org.springframework.security.web.savedrequest.RequestCacheAwareFilter@606f0f70, org.springframework.security.web.servletapi.SecurityContextHolderAwareRequestFilter@2d2afc39, org.springframework.security.web.authentication.AnonymousAuthenticationFilter@2a5ed225, org.springframework.security.web.session.SessionManagementFilter@2059c3ff, org.springframework.security.web.access.ExceptionTranslationFilter@51097500, org.springframework.security.web.access.intercept.FilterSecurityInterceptor@32430075]
35478 [main] INFO  o.s.w.s.m.m.a.RequestMappingHandlerAdapter - Looking for @ControllerAdvice: org.springframework.boot.context.embedded.AnnotationConfigEmbeddedWebApplicationContext@289710d9: startup date [Thu Aug 16 11:46:30 IST 2018]; root of context hierarchy
35573 [main] INFO  o.s.w.s.m.m.a.RequestMappingHandlerMapping - Mapped "{[/test/deleteHospital/{id}],methods=[DELETE]}" onto public java.lang.String com.crud.controller.HospitalController.deleteHospital(int)
35575 [main] INFO  o.s.w.s.m.m.a.RequestMappingHandlerMapping - Mapped "{[/test/hospital/{id}],methods=[PUT]}" onto public java.lang.String com.crud.controller.HospitalController.updateHospital(int,com.crud.data.entity.Hospital)
35575 [main] INFO  o.s.w.s.m.m.a.RequestMappingHandlerMapping - Mapped "{[/test/hospitals],methods=[GET]}" onto public java.util.List<com.crud.data.entity.Hospital> com.crud.controller.HospitalController.getAllHospitals() throws java.lang.Exception
35576 [main] INFO  o.s.w.s.m.m.a.RequestMappingHandlerMapping - Mapped "{[/test/addHosp],methods=[POST]}" onto public java.lang.String com.crud.controller.HospitalController.addHosp(com.crud.data.entity.Hospital)
35578 [main] INFO  o.s.w.s.m.m.a.RequestMappingHandlerMapping - Mapped "{[/error]}" onto public org.springframework.http.ResponseEntity<java.util.Map<java.lang.String, java.lang.Object>> org.springframework.boot.autoconfigure.web.BasicErrorController.error(javax.servlet.http.HttpServletRequest)
35580 [main] INFO  o.s.w.s.m.m.a.RequestMappingHandlerMapping - Mapped "{[/error],produces=[text/html]}" onto public org.springframework.web.servlet.ModelAndView org.springframework.boot.autoconfigure.web.BasicErrorController.errorHtml(javax.servlet.http.HttpServletRequest,javax.servlet.http.HttpServletResponse)
35624 [main] INFO  o.s.w.s.h.SimpleUrlHandlerMapping - Mapped URL path [/webjars/**] onto handler of type [class org.springframework.web.servlet.resource.ResourceHttpRequestHandler]
35624 [main] INFO  o.s.w.s.h.SimpleUrlHandlerMapping - Mapped URL path [/**] onto handler of type [class org.springframework.web.servlet.resource.ResourceHttpRequestHandler]
35642 [main] INFO  o.s.w.s.m.m.a.ExceptionHandlerExceptionResolver - Detected @ExceptionHandler methods in repositoryRestExceptionHandler
35730 [main] INFO  o.s.w.s.h.SimpleUrlHandlerMapping - Mapped URL path [/**/favicon.ico] onto handler of type [class org.springframework.web.servlet.resource.ResourceHttpRequestHandler]
35765 [main] INFO  o.s.b.a.w.WebMvcAutoConfiguration$WelcomePageHandlerMapping - Adding welcome page: ServletContext resource [/index.html]
35922 [main] INFO  o.s.d.r.w.RepositoryRestHandlerAdapter - Looking for @ControllerAdvice: org.springframework.boot.context.embedded.AnnotationConfigEmbeddedWebApplicationContext@289710d9: startup date [Thu Aug 16 11:46:30 IST 2018]; root of context hierarchy
35936 [main] INFO  o.s.d.r.w.RepositoryRestHandlerMapping - Mapped "{[/{repository}/{id}/{property}/{propertyId}],methods=[DELETE],produces=[application/hal+json || application/json]}" onto public org.springframework.http.ResponseEntity<org.springframework.hateoas.ResourceSupport> org.springframework.data.rest.webmvc.RepositoryPropertyReferenceController.deletePropertyReferenceId(org.springframework.data.rest.webmvc.RootResourceInformation,java.io.Serializable,java.lang.String,java.lang.String) throws java.lang.Exception
35937 [main] INFO  o.s.d.r.w.RepositoryRestHandlerMapping - Mapped "{[/{repository}/{id}/{property}],methods=[PATCH || PUT || POST],consumes=[application/json || application/x-spring-data-compact+json || text/uri-list],produces=[application/hal+json || application/json]}" onto public org.springframework.http.ResponseEntity<? extends org.springframework.hateoas.ResourceSupport> org.springframework.data.rest.webmvc.RepositoryPropertyReferenceController.createPropertyReference(org.springframework.data.rest.webmvc.RootResourceInformation,org.springframework.http.HttpMethod,org.springframework.hateoas.Resources<java.lang.Object>,java.io.Serializable,java.lang.String) throws java.lang.Exception
35938 [main] INFO  o.s.d.r.w.RepositoryRestHandlerMapping - Mapped "{[/{repository}/{id}/{property}],methods=[DELETE],produces=[application/hal+json || application/json]}" onto public org.springframework.http.ResponseEntity<? extends org.springframework.hateoas.ResourceSupport> org.springframework.data.rest.webmvc.RepositoryPropertyReferenceController.deletePropertyReference(org.springframework.data.rest.webmvc.RootResourceInformation,java.io.Serializable,java.lang.String) throws java.lang.Exception
35938 [main] INFO  o.s.d.r.w.RepositoryRestHandlerMapping - Mapped "{[/{repository}/{id}/{property}],methods=[GET],produces=[application/x-spring-data-compact+json || text/uri-list]}" onto public org.springframework.http.ResponseEntity<org.springframework.hateoas.ResourceSupport> org.springframework.data.rest.webmvc.RepositoryPropertyReferenceController.followPropertyReferenceCompact(org.springframework.data.rest.webmvc.RootResourceInformation,java.io.Serializable,java.lang.String,org.springframework.data.rest.webmvc.PersistentEntityResourceAssembler) throws java.lang.Exception
35939 [main] INFO  o.s.d.r.w.RepositoryRestHandlerMapping - Mapped "{[/{repository}/{id}/{property}],methods=[GET],produces=[application/hal+json || application/json]}" onto public org.springframework.http.ResponseEntity<org.springframework.hateoas.ResourceSupport> org.springframework.data.rest.webmvc.RepositoryPropertyReferenceController.followPropertyReference(org.springframework.data.rest.webmvc.RootResourceInformation,java.io.Serializable,java.lang.String,org.springframework.data.rest.webmvc.PersistentEntityResourceAssembler) throws java.lang.Exception
35940 [main] INFO  o.s.d.r.w.RepositoryRestHandlerMapping - Mapped "{[/{repository}/{id}/{property}/{propertyId}],methods=[GET],produces=[application/hal+json || application/json]}" onto public org.springframework.http.ResponseEntity<org.springframework.hateoas.ResourceSupport> org.springframework.data.rest.webmvc.RepositoryPropertyReferenceController.followPropertyReference(org.springframework.data.rest.webmvc.RootResourceInformation,java.io.Serializable,java.lang.String,java.lang.String,org.springframework.data.rest.webmvc.PersistentEntityResourceAssembler) throws java.lang.Exception
35944 [main] INFO  o.s.d.r.w.RepositoryRestHandlerMapping - Mapped "{[/{repository}/search],methods=[GET],produces=[application/hal+json || application/json]}" onto public org.springframework.data.rest.webmvc.RepositorySearchesResource org.springframework.data.rest.webmvc.RepositorySearchController.listSearches(org.springframework.data.rest.webmvc.RootResourceInformation)
35945 [main] INFO  o.s.d.r.w.RepositoryRestHandlerMapping - Mapped "{[/{repository}/search/{search}],methods=[GET],produces=[application/hal+json || application/json]}" onto public org.springframework.http.ResponseEntity<?> org.springframework.data.rest.webmvc.RepositorySearchController.executeSearch(org.springframework.data.rest.webmvc.RootResourceInformation,org.springframework.util.MultiValueMap<java.lang.String, java.lang.Object>,java.lang.String,org.springframework.data.rest.webmvc.support.DefaultedPageable,org.springframework.data.domain.Sort,org.springframework.data.rest.webmvc.PersistentEntityResourceAssembler,org.springframework.http.HttpHeaders)
35945 [main] INFO  o.s.d.r.w.RepositoryRestHandlerMapping - Mapped "{[/{repository}/search/{search}],methods=[OPTIONS],produces=[application/hal+json || application/json]}" onto public org.springframework.http.ResponseEntity<java.lang.Object> org.springframework.data.rest.webmvc.RepositorySearchController.optionsForSearch(org.springframework.data.rest.webmvc.RootResourceInformation,java.lang.String)
35946 [main] INFO  o.s.d.r.w.RepositoryRestHandlerMapping - Mapped "{[/{repository}/search],methods=[HEAD],produces=[application/hal+json || application/json]}" onto public org.springframework.http.HttpEntity<?> org.springframework.data.rest.webmvc.RepositorySearchController.headForSearches(org.springframework.data.rest.webmvc.RootResourceInformation)
35947 [main] INFO  o.s.d.r.w.RepositoryRestHandlerMapping - Mapped "{[/{repository}/search/{search}],methods=[HEAD],produces=[application/hal+json || application/json]}" onto public org.springframework.http.ResponseEntity<java.lang.Object> org.springframework.data.rest.webmvc.RepositorySearchController.headForSearch(org.springframework.data.rest.webmvc.RootResourceInformation,java.lang.String)
35948 [main] INFO  o.s.d.r.w.RepositoryRestHandlerMapping - Mapped "{[/{repository}/search],methods=[OPTIONS],produces=[application/hal+json || application/json]}" onto public org.springframework.http.HttpEntity<?> org.springframework.data.rest.webmvc.RepositorySearchController.optionsForSearches(org.springframework.data.rest.webmvc.RootResourceInformation)
35948 [main] INFO  o.s.d.r.w.RepositoryRestHandlerMapping - Mapped "{[/{repository}/search/{search}],methods=[GET],produces=[application/x-spring-data-compact+json]}" onto public org.springframework.hateoas.ResourceSupport org.springframework.data.rest.webmvc.RepositorySearchController.executeSearchCompact(org.springframework.data.rest.webmvc.RootResourceInformation,org.springframework.http.HttpHeaders,org.springframework.util.MultiValueMap<java.lang.String, java.lang.Object>,java.lang.String,java.lang.String,org.springframework.data.rest.webmvc.support.DefaultedPageable,org.springframework.data.domain.Sort,org.springframework.data.rest.webmvc.PersistentEntityResourceAssembler)
35949 [main] INFO  o.s.d.r.w.RepositoryRestHandlerMapping - Mapped "{[/ || ],methods=[GET],produces=[application/hal+json || application/json]}" onto public org.springframework.http.HttpEntity<org.springframework.data.rest.webmvc.RepositoryLinksResource> org.springframework.data.rest.webmvc.RepositoryController.listRepositories()
35950 [main] INFO  o.s.d.r.w.RepositoryRestHandlerMapping - Mapped "{[/ || ],methods=[HEAD],produces=[application/hal+json || application/json]}" onto public org.springframework.http.ResponseEntity<?> org.springframework.data.rest.webmvc.RepositoryController.headForRepositories()
35950 [main] INFO  o.s.d.r.w.RepositoryRestHandlerMapping - Mapped "{[/ || ],methods=[OPTIONS],produces=[application/hal+json || application/json]}" onto public org.springframework.http.HttpEntity<?> org.springframework.data.rest.webmvc.RepositoryController.optionsForRepositories()
35952 [main] INFO  o.s.d.r.w.RepositoryRestHandlerMapping - Mapped "{[/{repository}],methods=[GET],produces=[application/hal+json || application/json]}" onto public org.springframework.hateoas.Resources<?> org.springframework.data.rest.webmvc.RepositoryEntityController.getCollectionResource(org.springframework.data.rest.webmvc.RootResourceInformation,org.springframework.data.rest.webmvc.support.DefaultedPageable,org.springframework.data.domain.Sort,org.springframework.data.rest.webmvc.PersistentEntityResourceAssembler) throws org.springframework.data.rest.webmvc.ResourceNotFoundException,org.springframework.web.HttpRequestMethodNotSupportedException
35953 [main] INFO  o.s.d.r.w.RepositoryRestHandlerMapping - Mapped "{[/{repository}/{id}],methods=[GET],produces=[application/hal+json || application/json]}" onto public org.springframework.http.ResponseEntity<org.springframework.hateoas.Resource<?>> org.springframework.data.rest.webmvc.RepositoryEntityController.getItemResource(org.springframework.data.rest.webmvc.RootResourceInformation,java.io.Serializable,org.springframework.data.rest.webmvc.PersistentEntityResourceAssembler,org.springframework.http.HttpHeaders) throws org.springframework.web.HttpRequestMethodNotSupportedException
35954 [main] INFO  o.s.d.r.w.RepositoryRestHandlerMapping - Mapped "{[/{repository}/{id}],methods=[PUT],produces=[application/hal+json || application/json]}" onto public org.springframework.http.ResponseEntity<? extends org.springframework.hateoas.ResourceSupport> org.springframework.data.rest.webmvc.RepositoryEntityController.putItemResource(org.springframework.data.rest.webmvc.RootResourceInformation,org.springframework.data.rest.webmvc.PersistentEntityResource,java.io.Serializable,org.springframework.data.rest.webmvc.PersistentEntityResourceAssembler,org.springframework.data.rest.webmvc.support.ETag,java.lang.String) throws org.springframework.web.HttpRequestMethodNotSupportedException
35954 [main] INFO  o.s.d.r.w.RepositoryRestHandlerMapping - Mapped "{[/{repository}],methods=[GET],produces=[application/x-spring-data-compact+json || text/uri-list]}" onto public org.springframework.hateoas.Resources<?> org.springframework.data.rest.webmvc.RepositoryEntityController.getCollectionResourceCompact(org.springframework.data.rest.webmvc.RootResourceInformation,org.springframework.data.rest.webmvc.support.DefaultedPageable,org.springframework.data.domain.Sort,org.springframework.data.rest.webmvc.PersistentEntityResourceAssembler) throws org.springframework.data.rest.webmvc.ResourceNotFoundException,org.springframework.web.HttpRequestMethodNotSupportedException
35955 [main] INFO  o.s.d.r.w.RepositoryRestHandlerMapping - Mapped "{[/{repository}],methods=[HEAD],produces=[application/hal+json || application/json]}" onto public org.springframework.http.ResponseEntity<?> org.springframework.data.rest.webmvc.RepositoryEntityController.headCollectionResource(org.springframework.data.rest.webmvc.RootResourceInformation,org.springframework.data.rest.webmvc.support.DefaultedPageable) throws org.springframework.web.HttpRequestMethodNotSupportedException
35956 [main] INFO  o.s.d.r.w.RepositoryRestHandlerMapping - Mapped "{[/{repository}],methods=[OPTIONS],produces=[application/hal+json || application/json]}" onto public org.springframework.http.ResponseEntity<?> org.springframework.data.rest.webmvc.RepositoryEntityController.optionsForCollectionResource(org.springframework.data.rest.webmvc.RootResourceInformation)
35956 [main] INFO  o.s.d.r.w.RepositoryRestHandlerMapping - Mapped "{[/{repository}/{id}],methods=[OPTIONS],produces=[application/hal+json || application/json]}" onto public org.springframework.http.ResponseEntity<?> org.springframework.data.rest.webmvc.RepositoryEntityController.optionsForItemResource(org.springframework.data.rest.webmvc.RootResourceInformation)
35957 [main] INFO  o.s.d.r.w.RepositoryRestHandlerMapping - Mapped "{[/{repository}/{id}],methods=[PATCH],produces=[application/hal+json || application/json]}" onto public org.springframework.http.ResponseEntity<org.springframework.hateoas.ResourceSupport> org.springframework.data.rest.webmvc.RepositoryEntityController.patchItemResource(org.springframework.data.rest.webmvc.RootResourceInformation,org.springframework.data.rest.webmvc.PersistentEntityResource,java.io.Serializable,org.springframework.data.rest.webmvc.PersistentEntityResourceAssembler,org.springframework.data.rest.webmvc.support.ETag,java.lang.String) throws org.springframework.web.HttpRequestMethodNotSupportedException,org.springframework.data.rest.webmvc.ResourceNotFoundException
35957 [main] INFO  o.s.d.r.w.RepositoryRestHandlerMapping - Mapped "{[/{repository}/{id}],methods=[HEAD],produces=[application/hal+json || application/json]}" onto public org.springframework.http.ResponseEntity<?> org.springframework.data.rest.webmvc.RepositoryEntityController.headForItemResource(org.springframework.data.rest.webmvc.RootResourceInformation,java.io.Serializable,org.springframework.data.rest.webmvc.PersistentEntityResourceAssembler) throws org.springframework.web.HttpRequestMethodNotSupportedException
35958 [main] INFO  o.s.d.r.w.RepositoryRestHandlerMapping - Mapped "{[/{repository}/{id}],methods=[DELETE],produces=[application/hal+json || application/json]}" onto public org.springframework.http.ResponseEntity<?> org.springframework.data.rest.webmvc.RepositoryEntityController.deleteItemResource(org.springframework.data.rest.webmvc.RootResourceInformation,java.io.Serializable,org.springframework.data.rest.webmvc.support.ETag) throws org.springframework.data.rest.webmvc.ResourceNotFoundException,org.springframework.web.HttpRequestMethodNotSupportedException
35958 [main] INFO  o.s.d.r.w.RepositoryRestHandlerMapping - Mapped "{[/{repository}],methods=[POST],produces=[application/hal+json || application/json]}" onto public org.springframework.http.ResponseEntity<org.springframework.hateoas.ResourceSupport> org.springframework.data.rest.webmvc.RepositoryEntityController.postCollectionResource(org.springframework.data.rest.webmvc.RootResourceInformation,org.springframework.data.rest.webmvc.PersistentEntityResource,org.springframework.data.rest.webmvc.PersistentEntityResourceAssembler,java.lang.String) throws org.springframework.web.HttpRequestMethodNotSupportedException
35961 [main] INFO  o.s.d.r.w.BasePathAwareHandlerMapping - Mapped "{[/profile/{repository}],methods=[GET],produces=[application/alps+json || */*]}" onto org.springframework.http.HttpEntity<org.springframework.data.rest.webmvc.RootResourceInformation> org.springframework.data.rest.webmvc.alps.AlpsController.descriptor(org.springframework.data.rest.webmvc.RootResourceInformation)
35961 [main] INFO  o.s.d.r.w.BasePathAwareHandlerMapping - Mapped "{[/profile/{repository}],methods=[OPTIONS],produces=[application/alps+json]}" onto org.springframework.http.HttpEntity<?> org.springframework.data.rest.webmvc.alps.AlpsController.alpsOptions()
35963 [main] INFO  o.s.d.r.w.BasePathAwareHandlerMapping - Mapped "{[/profile/{repository}],methods=[GET],produces=[application/schema+json]}" onto public org.springframework.http.HttpEntity<org.springframework.data.rest.webmvc.json.JsonSchema> org.springframework.data.rest.webmvc.RepositorySchemaController.schema(org.springframework.data.rest.webmvc.RootResourceInformation)
35964 [main] INFO  o.s.d.r.w.BasePathAwareHandlerMapping - Mapped "{[/profile],methods=[OPTIONS]}" onto public org.springframework.http.HttpEntity<?> org.springframework.data.rest.webmvc.ProfileController.profileOptions()
35965 [main] INFO  o.s.d.r.w.BasePathAwareHandlerMapping - Mapped "{[/profile],methods=[GET]}" onto org.springframework.http.HttpEntity<org.springframework.hateoas.ResourceSupport> org.springframework.data.rest.webmvc.ProfileController.listAllFormsOfMetadata()
36333 [main] INFO  o.s.j.e.a.AnnotationMBeanExporter - Registering beans for JMX exposure on startup
36465 [main] INFO  o.s.b.c.e.t.TomcatEmbeddedServletContainer - Tomcat started on port(s): 8080 (http)
36475 [main] INFO  com.crud.Application - Started Application in 36.077 seconds (JVM running for 37.203)
36475 [main] INFO  com.crud.Application - Started Application in 36.077 seconds (JVM running for 37.203)
36475 [main] INFO  com.crud.Application - In Main method
36475 [main] INFO  com.crud.Application - In Main method
70970 [http-nio-8080-exec-1] INFO  o.a.c.c.C.[Tomcat].[localhost].[/] - Initializing Spring FrameworkServlet 'dispatcherServlet'
70971 [http-nio-8080-exec-1] INFO  o.s.web.servlet.DispatcherServlet - FrameworkServlet 'dispatcherServlet': initialization started
71002 [http-nio-8080-exec-1] INFO  o.s.web.servlet.DispatcherServlet - FrameworkServlet 'dispatcherServlet': initialization completed in 30 ms
71508 [http-nio-8080-exec-8] INFO  c.c.controller.HospitalController - In HospitalController - getAllHospitals method
71508 [http-nio-8080-exec-8] INFO  c.c.controller.HospitalController - In HospitalController - getAllHospitals method
71508 [http-nio-8080-exec-8] INFO  c.c.s.impl.HospitalServiceImpl - In HospitalServiceImpl - getAllHospitals method
71508 [http-nio-8080-exec-8] INFO  c.c.s.impl.HospitalServiceImpl - In HospitalServiceImpl - getAllHospitals method
71830 [http-nio-8080-exec-8] INFO  o.h.h.i.QueryTranslatorFactoryInitiator - HHH000397: Using ASTQueryTranslatorFactory
76366 [http-nio-8080-exec-6] INFO  c.c.controller.HospitalController - In HospitalController - getAllHospitals method
76366 [http-nio-8080-exec-6] INFO  c.c.controller.HospitalController - In HospitalController - getAllHospitals method
76367 [http-nio-8080-exec-6] INFO  c.c.s.impl.HospitalServiceImpl - In HospitalServiceImpl - getAllHospitals method
76367 [http-nio-8080-exec-6] INFO  c.c.s.impl.HospitalServiceImpl - In HospitalServiceImpl - getAllHospitals method
78006 [http-nio-8080-exec-10] INFO  c.c.controller.HospitalController - In HospitalController - getAllHospitals method
78006 [http-nio-8080-exec-10] INFO  c.c.controller.HospitalController - In HospitalController - getAllHospitals method
78007 [http-nio-8080-exec-10] INFO  c.c.s.impl.HospitalServiceImpl - In HospitalServiceImpl - getAllHospitals method
78007 [http-nio-8080-exec-10] INFO  c.c.s.impl.HospitalServiceImpl - In HospitalServiceImpl - getAllHospitals method
84053 [http-nio-8080-exec-6] INFO  c.c.controller.HospitalController - In HospitalController - getAllHospitals method
84053 [http-nio-8080-exec-6] INFO  c.c.controller.HospitalController - In HospitalController - getAllHospitals method
84054 [http-nio-8080-exec-6] INFO  c.c.s.impl.HospitalServiceImpl - In HospitalServiceImpl - getAllHospitals method
84054 [http-nio-8080-exec-6] INFO  c.c.s.impl.HospitalServiceImpl - In HospitalServiceImpl - getAllHospitals method
