131136 [http-nio-8080-exec-2] INFO  c.c.controller.HospitalController - In HospitalController - getAllHospitals method
131136 [http-nio-8080-exec-2] INFO  c.c.controller.HospitalController - In HospitalController - getAllHospitals method
131141 [http-nio-8080-exec-2] INFO  c.c.s.impl.HospitalServiceImpl - In HospitalServiceImpl - getAllHospitals method
131141 [http-nio-8080-exec-2] INFO  c.c.s.impl.HospitalServiceImpl - In HospitalServiceImpl - getAllHospitals method
136510 [http-nio-8080-exec-1] INFO  c.c.controller.HospitalController - In HospitalController - getAllHospitals method
136510 [http-nio-8080-exec-1] INFO  c.c.controller.HospitalController - In HospitalController - getAllHospitals method
136511 [http-nio-8080-exec-1] INFO  c.c.s.impl.HospitalServiceImpl - In HospitalServiceImpl - getAllHospitals method
136511 [http-nio-8080-exec-1] INFO  c.c.s.impl.HospitalServiceImpl - In HospitalServiceImpl - getAllHospitals method
140347 [http-nio-8080-exec-6] INFO  c.c.controller.HospitalController - In HospitalController - getAllHospitals method
140347 [http-nio-8080-exec-6] INFO  c.c.controller.HospitalController - In HospitalController - getAllHospitals method
140347 [http-nio-8080-exec-6] INFO  c.c.s.impl.HospitalServiceImpl - In HospitalServiceImpl - getAllHospitals method
140347 [http-nio-8080-exec-6] INFO  c.c.s.impl.HospitalServiceImpl - In HospitalServiceImpl - getAllHospitals method
154679 [http-nio-8080-exec-8] INFO  c.c.controller.HospitalController - In HospitalController - addHosp method
154679 [http-nio-8080-exec-8] INFO  c.c.controller.HospitalController - In HospitalController - addHosp method
154680 [http-nio-8080-exec-8] INFO  c.c.s.impl.HospitalServiceImpl - In HospitalServiceImpl - addHospital method
154680 [http-nio-8080-exec-8] INFO  c.c.s.impl.HospitalServiceImpl - In HospitalServiceImpl - addHospital method
155760 [http-nio-8080-exec-9] INFO  c.c.controller.HospitalController - In HospitalController - getAllHospitals method
155760 [http-nio-8080-exec-9] INFO  c.c.controller.HospitalController - In HospitalController - getAllHospitals method
155761 [http-nio-8080-exec-9] INFO  c.c.s.impl.HospitalServiceImpl - In HospitalServiceImpl - getAllHospitals method
155761 [http-nio-8080-exec-9] INFO  c.c.s.impl.HospitalServiceImpl - In HospitalServiceImpl - getAllHospitals method
172888 [http-nio-8080-exec-7] INFO  c.c.controller.HospitalController - In HospitalController - updateHospital method
172888 [http-nio-8080-exec-7] INFO  c.c.controller.HospitalController - In HospitalController - updateHospital method
172889 [http-nio-8080-exec-7] INFO  c.c.s.impl.HospitalServiceImpl - In HospitalServiceImpl - findHospById method
172889 [http-nio-8080-exec-7] INFO  c.c.s.impl.HospitalServiceImpl - In HospitalServiceImpl - findHospById method
173653 [http-nio-8080-exec-7] INFO  c.c.s.impl.HospitalServiceImpl - In HospitalServiceImpl - updateHospital method
173653 [http-nio-8080-exec-7] INFO  c.c.s.impl.HospitalServiceImpl - In HospitalServiceImpl - updateHospital method
173655 [http-nio-8080-exec-7] INFO  c.c.s.impl.HospitalServiceImpl - In HospitalServiceImpl - addHospital method
173655 [http-nio-8080-exec-7] INFO  c.c.s.impl.HospitalServiceImpl - In HospitalServiceImpl - addHospital method
186708 [http-nio-8080-exec-5] INFO  c.c.controller.HospitalController - In HospitalController - deleteHospital method
186708 [http-nio-8080-exec-5] INFO  c.c.controller.HospitalController - In HospitalController - deleteHospital method
186709 [http-nio-8080-exec-5] INFO  c.c.s.impl.HospitalServiceImpl - In HospitalServiceImpl - findHospById method
186709 [http-nio-8080-exec-5] INFO  c.c.s.impl.HospitalServiceImpl - In HospitalServiceImpl - findHospById method
187463 [http-nio-8080-exec-5] INFO  c.c.s.impl.HospitalServiceImpl - In HospitalServiceImpl - deleteHospital method
187463 [http-nio-8080-exec-5] INFO  c.c.s.impl.HospitalServiceImpl - In HospitalServiceImpl - deleteHospital method
187998 [http-nio-8080-exec-10] INFO  c.c.controller.HospitalController - In HospitalController - getAllHospitals method
187998 [http-nio-8080-exec-10] INFO  c.c.controller.HospitalController - In HospitalController - getAllHospitals method
187999 [http-nio-8080-exec-10] INFO  c.c.s.impl.HospitalServiceImpl - In HospitalServiceImpl - getAllHospitals method
187999 [http-nio-8080-exec-10] INFO  c.c.s.impl.HospitalServiceImpl - In HospitalServiceImpl - getAllHospitals method
